<?xml version="1.0" encoding="UTF-8"?>
<!-- Generated by org.testng.reporters.JUnitReportReporter -->
<testsuite hostname="LAPTOP-06GFGGBP" failures="0" tests="1" name="rahulshettyacademy.tests.ErrorValidations" time="4.495" errors="0" timestamp="2024-06-21T16:53:03 IST" skipped="0">
  <testcase classname="rahulshettyacademy.tests.ErrorValidations" name="submitOrder" time="4.495"/>
</testsuite> <!-- rahulshettyacademy.tests.ErrorValidations -->
